number,value,datetime_start,datetime_complete,duration,params_activation_function,params_dropout_rate,params_epochs,params_hidden_channels,params_learning_rate,params_num_heads,params_out_channels,params_predictor_hidden_channels,user_attrs_best_val_auc_epoch_metrics,state
0,0.9429676403307599,2025-07-25 17:04:32.391805,2025-07-25 17:20:19.286514,0 days 00:15:46.894709,tanh,0.10616955533913808,100,128,0.0026070247583707684,4,32,64,"{'epoch_at_best_val_auc': 100, 'train_loss': 0.3022392988204956, 'val_loss': 0.3078806400299072, 'test_loss': 0.307373970746994, 'train_auc': 0.9446746445649592, 'val_auc': 0.9429676403307599, 'test_auc': 0.943296713539225, 'train_acc': 0.8708370379409935, 'val_acc': 0.8630753138075313, 'test_acc': 0.8609251510925151, 'train_precision': 0.8945380242417873, 'val_precision': 0.9154453812804213, 'test_precision': 0.9139650207955636, 'train_recall': 0.8408006601465572, 'val_recall': 0.800046490004649, 'test_recall': 0.7968619246861924, 'train_f1': 0.8668373131712841, 'val_f1': 0.8538645695076721, 'test_f1': 0.8514057222332605}",COMPLETE
1,0.915718339463919,2025-07-25 17:20:19.338854,2025-07-25 17:56:24.117957,0 days 00:36:04.779103,relu,0.3037724259507192,200,64,0.00025081156860452336,8,32,64,"{'epoch_at_best_val_auc': 199, 'train_loss': 0.3796362578868866, 'val_loss': 0.37458521127700806, 'test_loss': 0.3766234517097473, 'train_auc': 0.9105327410937073, 'val_auc': 0.915718339463919, 'test_auc': 0.9145936736310898, 'train_acc': 0.8246020815536689, 'val_acc': 0.8217573221757322, 'test_acc': 0.8201766620176661, 'train_precision': 0.8868290385800652, 'val_precision': 0.9075011775788978, 'test_precision': 0.9070571546781725, 'train_recall': 0.744169964493878, 'val_recall': 0.7165504416550441, 'test_recall': 0.7134588563458857, 'train_f1': 0.8092604997409032, 'val_f1': 0.8008001246947576, 'test_f1': 0.7986936948658565}",COMPLETE
2,0.9565884490169341,2025-07-25 17:56:24.164814,2025-07-25 18:16:19.926574,0 days 00:19:55.761760,relu,0.2600340105889054,200,64,0.006586289317583112,4,64,64,"{'epoch_at_best_val_auc': 197, 'train_loss': 0.25189366936683655, 'val_loss': 0.26980942487716675, 'test_loss': 0.26997441053390503, 'train_auc': 0.9614678443518823, 'val_auc': 0.9565884490169341, 'test_auc': 0.9564371425310922, 'train_acc': 0.8947905952360198, 'val_acc': 0.8897257089725709, 'test_acc': 0.8889702463970246, 'train_precision': 0.9094314151492049, 'val_precision': 0.9001622989164161, 'test_precision': 0.9013310948554982, 'train_recall': 0.8769111417164973, 'val_recall': 0.8766852626685263, 'test_recall': 0.8735704323570432, 'train_f1': 0.8928752634887763, 'val_f1': 0.8882686827292211, 'test_f1': 0.887233665820693}",COMPLETE
3,0.9472191034366942,2025-07-25 18:16:19.928728,2025-07-25 20:55:23.893231,0 days 02:39:03.964503,relu,0.14046725484369038,200,128,0.0005989003672254305,8,64,64,"{'epoch_at_best_val_auc': 200, 'train_loss': 0.29150882363319397, 'val_loss': 0.2943621873855591, 'test_loss': 0.2947025001049042, 'train_auc': 0.948403695941908, 'val_auc': 0.9472191034366942, 'test_auc': 0.9471156118449875, 'train_acc': 0.8694946624593946, 'val_acc': 0.871606229660623, 'test_acc': 0.8711064621106462, 'train_precision': 0.9119118957000567, 'val_precision': 0.9056766564315984, 'test_precision': 0.9063374904555866, 'train_recall': 0.8180064271310937, 'val_recall': 0.8296141329614133, 'test_recall': 0.8277545327754533, 'train_f1': 0.8624104176654296, 'val_f1': 0.8659783808703458, 'test_f1': 0.8652654598469202}",COMPLETE
4,0.8957801853807847,2025-07-25 20:55:23.932300,2025-07-25 22:07:33.212203,0 days 01:12:09.279903,relu,0.31164906341377896,100,128,0.00014063366777718192,8,128,128,"{'epoch_at_best_val_auc': 99, 'train_loss': 0.4114038050174713, 'val_loss': 0.40745314955711365, 'test_loss': 0.4096745550632477, 'train_auc': 0.8931156155023899, 'val_auc': 0.8957801853807847, 'test_auc': 0.8944446397737876, 'train_acc': 0.8078267463956347, 'val_acc': 0.8090771734077173, 'test_acc': 0.8067061831706183, 'train_precision': 0.8876440261835852, 'val_precision': 0.8810212912284724, 'test_precision': 0.8794466971500877, 'train_recall': 0.7048749731234346, 'val_recall': 0.7146675964667596, 'test_recall': 0.7108554160855416, 'train_f1': 0.785771547305362, 'val_f1': 0.7891730944466547, 'test_f1': 0.7862146979805381}",COMPLETE
5,0.9592773152011509,2025-07-25 22:07:33.250802,2025-07-25 22:25:25.804728,0 days 00:17:52.553926,relu,0.012709563372047594,150,128,0.003482846706526885,4,32,64,"{'epoch_at_best_val_auc': 150, 'train_loss': 0.24488623440265656, 'val_loss': 0.25912317633628845, 'test_loss': 0.25884032249450684, 'train_auc': 0.9633988944120727, 'val_auc': 0.9592773152011509, 'test_auc': 0.9594239924085777, 'train_acc': 0.8956303063056781, 'val_acc': 0.8925499767549977, 'test_acc': 0.8910971641097164, 'train_precision': 0.9173192267966985, 'val_precision': 0.9152221484595904, 'test_precision': 0.9147971007346778, 'train_recall': 0.8696442995531226, 'val_recall': 0.8652487215248722, 'test_recall': 0.8625290562529057, 'train_f1': 0.8928457964486274, 'val_f1': 0.8895341195588534, 'test_f1': 0.8878945227441315}",COMPLETE
6,0.7446113767374045,2025-07-25 22:25:25.808746,2025-07-25 23:07:43.250950,0 days 00:42:17.442204,relu,0.43573029509385885,200,256,0.00021010799310103572,8,128,32,"{'epoch_at_best_val_auc': 2, 'train_loss': 0.6890823841094971, 'val_loss': 0.6860729455947876, 'test_loss': 0.6860798597335815, 'train_auc': 0.7501731626484635, 'val_auc': 0.7551454782148617, 'test_auc': 0.7532968248472325, 'train_acc': 0.5, 'val_acc': 0.5, 'test_acc': 0.5, 'train_precision': 0.0, 'val_precision': 0.0, 'test_precision': 0.0, 'train_recall': 0.0, 'val_recall': 0.0, 'test_recall': 0.0, 'train_f1': 0.0, 'val_f1': 0.0, 'test_f1': 0.0}",PRUNED
7,0.7331457050454514,2025-07-25 23:07:43.281686,2025-07-25 23:49:48.986247,0 days 00:42:05.704561,tanh,0.0599326836668414,100,256,0.00010325337616482048,8,32,32,"{'epoch_at_best_val_auc': 3, 'train_loss': 0.6879727244377136, 'val_loss': 0.685206949710846, 'test_loss': 0.6852195858955383, 'train_auc': 0.739645096970532, 'val_auc': 0.7412386414501078, 'test_auc': 0.7394826871201075, 'train_acc': 0.5, 'val_acc': 0.5, 'test_acc': 0.5, 'train_precision': 0.0, 'val_precision': 0.0, 'test_precision': 0.0, 'train_recall': 0.0, 'val_recall': 0.0, 'test_recall': 0.0, 'train_f1': 0.0, 'val_f1': 0.0, 'test_f1': 0.0}",PRUNED
8,0.7556881123156151,2025-07-25 23:49:49.015931,2025-07-25 23:50:40.095623,0 days 00:00:51.079692,relu,0.13932323211830572,50,128,0.00011851515660043118,2,32,32,"{'epoch_at_best_val_auc': 6, 'train_loss': 0.6906338930130005, 'val_loss': 0.6897395253181458, 'test_loss': 0.6897535920143127, 'train_auc': 0.7528167868973316, 'val_auc': 0.7586981588358781, 'test_auc': 0.7570109987980896, 'train_acc': 0.5, 'val_acc': 0.5, 'test_acc': 0.5, 'train_precision': 0.0, 'val_precision': 0.0, 'test_precision': 0.0, 'train_recall': 0.0, 'val_recall': 0.0, 'test_recall': 0.0, 'train_f1': 0.0, 'val_f1': 0.0, 'test_f1': 0.0}",PRUNED
9,0.9492206850910596,2025-07-25 23:50:40.095623,2025-07-26 00:04:23.715175,0 days 00:13:43.619552,relu,0.16039003248586792,150,128,0.0018495216589727262,2,64,128,"{'epoch_at_best_val_auc': 150, 'train_loss': 0.28933125734329224, 'val_loss': 0.2930826246738434, 'test_loss': 0.2939301133155823, 'train_auc': 0.9497402352763963, 'val_auc': 0.9492206850910596, 'test_auc': 0.9488875342812453, 'train_acc': 0.8663551890657415, 'val_acc': 0.8799395629939563, 'test_acc': 0.8775453277545328, 'train_precision': 0.9157034057564868, 'val_precision': 0.8871204585287291, 'test_precision': 0.8856674739991451, 'train_recall': 0.8070001104118362, 'val_recall': 0.8706648070664808, 'test_recall': 0.8670153417015342, 'train_f1': 0.8579221469212759, 'val_f1': 0.8788156073297201, 'test_f1': 0.8762421594192684}",COMPLETE
10,0.7451434260410161,2025-07-26 00:04:23.718175,2025-07-26 00:05:10.977363,0 days 00:00:47.259188,tanh,0.019362599980591477,150,64,0.0077212274196026285,4,32,64,"{'epoch_at_best_val_auc': 1, 'train_loss': 0.6960363984107971, 'val_loss': 0.7796739935874939, 'test_loss': 0.7790830135345459, 'train_auc': 0.34155012410991104, 'val_auc': 0.7467008182327272, 'test_auc': 0.7449021629631359, 'train_acc': 0.5, 'val_acc': 0.5233031148303114, 'test_acc': 0.5227336122733612, 'train_precision': 0.0, 'val_precision': 0.5127845437735127, 'test_precision': 0.5124700362115571, 'train_recall': 0.0, 'val_recall': 0.9346815434681544, 'test_recall': 0.9342631334263134, 'train_f1': 0.0, 'val_f1': 0.6622472927903816, 'test_f1': 0.6618799815558922}",PRUNED
11,0.7471529383909099,2025-07-26 00:05:10.978363,2025-07-26 00:06:13.782183,0 days 00:01:02.803820,relu,0.2171781358782056,150,64,0.007791470666172783,4,64,64,"{'epoch_at_best_val_auc': 2, 'train_loss': 0.6870930194854736, 'val_loss': 1.1357892751693726, 'test_loss': 1.1344739198684692, 'train_auc': 0.7099034654451606, 'val_auc': 0.7694865310286739, 'test_auc': 0.7676031644218111, 'train_acc': 0.5, 'val_acc': 0.5011622501162251, 'test_acc': 0.5010460251046025, 'train_precision': 0.0, 'val_precision': 0.5005856035229908, 'test_precision': 0.5005271419534709, 'train_recall': 0.0, 'val_recall': 0.9935146443514644, 'test_recall': 0.9932124593212459, 'train_f1': 0.0, 'val_f1': 0.6657372938116228, 'test_f1': 0.6656177464832614}",PRUNED
12,0.9599921073977463,2025-07-26 00:06:13.784206,2025-07-26 00:23:46.493805,0 days 00:17:32.709599,relu,0.3954178991106393,200,64,0.003238598403384763,4,64,64,"{'epoch_at_best_val_auc': 198, 'train_loss': 0.25799405574798584, 'val_loss': 0.2567284107208252, 'test_loss': 0.2561763525009155, 'train_auc': 0.9598753113728253, 'val_auc': 0.9599921073977463, 'test_auc': 0.9601988044763543, 'train_acc': 0.8856540157947037, 'val_acc': 0.8927359367735936, 'test_acc': 0.8926545792654579, 'train_precision': 0.9249313279164025, 'val_precision': 0.9128405620036653, 'test_precision': 0.9144259077526987, 'train_recall': 0.8394379456425097, 'val_recall': 0.8683867968386797, 'test_recall': 0.8663877266387726, 'train_f1': 0.8801133248035095, 'val_f1': 0.8900589671808923, 'test_f1': 0.8897588923370733}",COMPLETE
13,0.8382968413273015,2025-07-26 00:23:46.495806,2025-07-26 00:25:11.907609,0 days 00:01:25.411803,relu,0.47411998848815184,150,64,0.002654334209893318,4,64,64,"{'epoch_at_best_val_auc': 16, 'train_loss': 0.5089460015296936, 'val_loss': 0.5000463724136353, 'test_loss': 0.5032959580421448, 'train_auc': 0.8287206818182445, 'val_auc': 0.8382968413273015, 'test_auc': 0.8364261703172451, 'train_acc': 0.7479820784156482, 'val_acc': 0.747721989772199, 'test_acc': 0.7448744769874477, 'train_precision': 0.8095063680408483, 'val_precision': 0.822958967210134, 'test_precision': 0.8219885686340435, 'train_recall': 0.6485910868592482, 'val_recall': 0.6312412831241283, 'test_recall': 0.6251278475127847, 'train_f1': 0.7201694417648786, 'val_f1': 0.7144623641769055, 'test_f1': 0.7101680816509764}",PRUNED
14,0.9433215919595419,2025-07-26 00:25:11.909610,2025-07-26 01:53:39.192235,0 days 01:28:27.282625,tanh,0.3833782585487949,200,256,0.0008877097516319666,4,128,64,"{'epoch_at_best_val_auc': 135, 'train_loss': 0.3092437982559204, 'val_loss': 0.30558687448501587, 'test_loss': 0.3069661557674408, 'train_auc': 0.9419048922469497, 'val_auc': 0.9433215919595419, 'test_auc': 0.9428800828045123, 'train_acc': 0.858742583520743, 'val_acc': 0.8625639237563923, 'test_acc': 0.8608437935843793, 'train_precision': 0.9097537501659365, 'val_precision': 0.911597836126138, 'test_precision': 0.911447427708129, 'train_recall': 0.7964964581045193, 'val_recall': 0.8029986052998606, 'test_recall': 0.799349139934914, 'train_f1': 0.8493662139845016, 'val_f1': 0.8538589878267318, 'test_f1': 0.8517257179655475}",PRUNED
15,0.8384121664190873,2025-07-26 01:53:39.247935,2025-07-26 01:55:40.070237,0 days 00:02:00.822302,relu,0.3791118085065369,150,128,0.003801293272819381,4,32,128,"{'epoch_at_best_val_auc': 16, 'train_loss': 0.506127119064331, 'val_loss': 0.4960981607437134, 'test_loss': 0.4978095293045044, 'train_auc': 0.8338358394214015, 'val_auc': 0.8384121664190873, 'test_auc': 0.8372591162338731, 'train_acc': 0.7526179227465816, 'val_acc': 0.7426197117619712, 'test_acc': 0.7405392840539284, 'train_precision': 0.7953099578480424, 'val_precision': 0.8197077832572671, 'test_precision': 0.8190872648781992, 'train_recall': 0.6803344897520383, 'val_recall': 0.6220595072059507, 'test_recall': 0.6174569967456996, 'train_f1': 0.7333430424208827, 'val_f1': 0.707336091030436, 'test_f1': 0.7041219350563287}",PRUNED
16,0.7725187616130453,2025-07-26 01:55:40.070237,2025-07-26 01:56:33.229779,0 days 00:00:53.159542,relu,0.21220142281067939,50,64,0.0013611324450734,4,64,64,"{'epoch_at_best_val_auc': 10, 'train_loss': 0.568246066570282, 'val_loss': 0.5475277900695801, 'test_loss': 0.5500480532646179, 'train_auc': 0.7615810796201536, 'val_auc': 0.7725187616130453, 'test_auc': 0.7702638207802756, 'train_acc': 0.7331505726887606, 'val_acc': 0.7359600185960019, 'test_acc': 0.7329846582984658, 'train_precision': 0.8133995211666972, 'val_precision': 0.8513915812794239, 'test_precision': 0.8481659024593581, 'train_recall': 0.6051207847375976, 'val_recall': 0.5717108321710832, 'test_recall': 0.5675732217573222, 'train_f1': 0.6939695604001966, 'val_f1': 0.6840685320131279, 'test_f1': 0.6800635026737968}",PRUNED
17,0.7456068112719781,2025-07-26 01:56:33.232688,2025-07-26 01:57:04.404393,0 days 00:00:31.171705,relu,0.36348237589402244,200,64,0.005078492452285571,2,32,64,"{'epoch_at_best_val_auc': 7, 'train_loss': 0.655451238155365, 'val_loss': 0.6694675087928772, 'test_loss': 0.6694883108139038, 'train_auc': 0.7459274247135461, 'val_auc': 0.779515812058915, 'test_auc': 0.7780871810782439, 'train_acc': 0.6418312674697675, 'val_acc': 0.7116806136680613, 'test_acc': 0.7098210134821014, 'train_precision': 0.7764462692906697, 'val_precision': 0.7884450920148237, 'test_precision': 0.7889127164484845, 'train_recall': 0.3983571881010908, 'val_recall': 0.5786145978614597, 'test_recall': 0.5729428172942818, 'train_f1': 0.5265611887675448, 'val_f1': 0.6674263651110723, 'test_f1': 0.6638029705236793}",PRUNED
18,0.7521714549642399,2025-07-26 01:57:04.406296,2025-07-26 01:58:23.830576,0 days 00:01:19.424280,tanh,0.4632849626230561,150,128,0.000705275731287667,4,64,128,"{'epoch_at_best_val_auc': 1, 'train_loss': 0.6942178010940552, 'val_loss': 0.6843054294586182, 'test_loss': 0.6843368411064148, 'train_auc': 0.4965971666868536, 'val_auc': 0.7554686880308878, 'test_auc': 0.7539168066662042, 'train_acc': 0.5, 'val_acc': 0.5, 'test_acc': 0.5, 'train_precision': 0.0, 'val_precision': 0.0, 'test_precision': 0.0, 'train_recall': 0.0, 'val_recall': 0.0, 'test_recall': 0.0, 'train_f1': 0.0, 'val_f1': 0.0, 'test_f1': 0.0}",PRUNED
19,0.6973191493431423,2025-07-26 01:58:23.834580,2025-07-26 02:04:30.734379,0 days 00:06:06.899799,relu,0.016587900404490874,100,256,0.003636083353648052,4,128,32,"{'epoch_at_best_val_auc': 1, 'train_loss': 0.6937603950500488, 'val_loss': 0.677042543888092, 'test_loss': 0.6769865155220032, 'train_auc': 0.5394885478745094, 'val_auc': 0.7530917571341409, 'test_auc': 0.7519688878990042, 'train_acc': 0.5, 'val_acc': 0.5, 'test_acc': 0.5, 'train_precision': 0.0, 'val_precision': 0.0, 'test_precision': 0.0, 'train_recall': 0.0, 'val_recall': 0.0, 'test_recall': 0.0, 'train_f1': 0.0, 'val_f1': 0.0, 'test_f1': 0.0}",PRUNED
